2015-01-23 18:22:49.444[72]ERROR WeixinMessageSender- WeixinMessageSenderError
Senparc.Weixin.Exceptions.ErrorJsonResultException: 微信Post请求发生错误！错误代码：45015，说明：response out of time limit
   at Senparc.Weixin.HttpUtility.Post.GetResult[T](String returnText)
   at Senparc.Weixin.HttpUtility.Post.PostGetJson[T](String url, CookieContainer cookieContainer, Stream fileStream, Encoding encoding)
   at Senparc.Weixin.MP.CommonAPIs.CommonJsonSend.Send[T](String accessToken, String urlFormat, Object data, CommonJsonSendType sendType)
   at Senparc.Weixin.MP.CommonAPIs.CommonJsonSend.Send(String accessToken, String urlFormat, Object data, CommonJsonSendType sendType)
   at Senparc.Weixin.MP.AdvancedAPIs.Custom.SendNews(String accessToken, String openId, List`1 articles)
   at EG.WeChat.Service.WeiXin.WeixinMessageSender.<>c__DisplayClass4.<SendArticle>b__3() in d:\EM_Project\WeChat\CommonLibrary\EG.WeChat.Utility\WeiXin\Packaging\WeixinMessageSender.cs:line 79
   at EG.WeChat.Service.WeiXin.WeixinMessageSender.ExecuteTryCatch(Action action) in d:\EM_Project\WeChat\CommonLibrary\EG.WeChat.Utility\WeiXin\Packaging\WeixinMessageSender.cs:line 307
2015-01-23 18:28:37.945[125]ERROR WeixinMessageSender- WeixinMessageSenderError
Senparc.Weixin.Exceptions.ErrorJsonResultException: 微信Post请求发生错误！错误代码：45015，说明：response out of time limit
   at Senparc.Weixin.HttpUtility.Post.GetResult[T](String returnText)
   at Senparc.Weixin.HttpUtility.Post.PostGetJson[T](String url, CookieContainer cookieContainer, Stream fileStream, Encoding encoding)
   at Senparc.Weixin.MP.CommonAPIs.CommonJsonSend.Send[T](String accessToken, String urlFormat, Object data, CommonJsonSendType sendType)
   at Senparc.Weixin.MP.CommonAPIs.CommonJsonSend.Send(String accessToken, String urlFormat, Object data, CommonJsonSendType sendType)
   at Senparc.Weixin.MP.AdvancedAPIs.Custom.SendNews(String accessToken, String openId, List`1 articles)
   at EG.WeChat.Service.WeiXin.WeixinMessageSender.<>c__DisplayClass4.<SendArticle>b__3() in d:\EM_Project\WeChat\CommonLibrary\EG.WeChat.Utility\WeiXin\Packaging\WeixinMessageSender.cs:line 79
   at EG.WeChat.Service.WeiXin.WeixinMessageSender.ExecuteTryCatch(Action action) in d:\EM_Project\WeChat\CommonLibrary\EG.WeChat.Utility\WeiXin\Packaging\WeixinMessageSender.cs:line 307
2015-01-23 18:28:52.241[114]ERROR WeixinMessageSender- WeixinMessageSenderError
Senparc.Weixin.Exceptions.ErrorJsonResultException: 微信Post请求发生错误！错误代码：45015，说明：response out of time limit
   at Senparc.Weixin.HttpUtility.Post.GetResult[T](String returnText)
   at Senparc.Weixin.HttpUtility.Post.PostGetJson[T](String url, CookieContainer cookieContainer, Stream fileStream, Encoding encoding)
   at Senparc.Weixin.MP.CommonAPIs.CommonJsonSend.Send[T](String accessToken, String urlFormat, Object data, CommonJsonSendType sendType)
   at Senparc.Weixin.MP.CommonAPIs.CommonJsonSend.Send(String accessToken, String urlFormat, Object data, CommonJsonSendType sendType)
   at Senparc.Weixin.MP.AdvancedAPIs.Custom.SendNews(String accessToken, String openId, List`1 articles)
   at EG.WeChat.Service.WeiXin.WeixinMessageSender.<>c__DisplayClass4.<SendArticle>b__3() in d:\EM_Project\WeChat\CommonLibrary\EG.WeChat.Utility\WeiXin\Packaging\WeixinMessageSender.cs:line 79
   at EG.WeChat.Service.WeiXin.WeixinMessageSender.ExecuteTryCatch(Action action) in d:\EM_Project\WeChat\CommonLibrary\EG.WeChat.Utility\WeiXin\Packaging\WeixinMessageSender.cs:line 307
2015-01-23 18:29:23.239[125]ERROR WeixinMessageSender- WeixinMessageSenderError
Senparc.Weixin.Exceptions.ErrorJsonResultException: 微信Post请求发生错误！错误代码：45015，说明：response out of time limit
   at Senparc.Weixin.HttpUtility.Post.GetResult[T](String returnText)
   at Senparc.Weixin.HttpUtility.Post.PostGetJson[T](String url, CookieContainer cookieContainer, Stream fileStream, Encoding encoding)
   at Senparc.Weixin.MP.CommonAPIs.CommonJsonSend.Send[T](String accessToken, String urlFormat, Object data, CommonJsonSendType sendType)
   at Senparc.Weixin.MP.CommonAPIs.CommonJsonSend.Send(String accessToken, String urlFormat, Object data, CommonJsonSendType sendType)
   at Senparc.Weixin.MP.AdvancedAPIs.Custom.SendNews(String accessToken, String openId, List`1 articles)
   at EG.WeChat.Service.WeiXin.WeixinMessageSender.<>c__DisplayClass4.<SendArticle>b__3() in d:\EM_Project\WeChat\CommonLibrary\EG.WeChat.Utility\WeiXin\Packaging\WeixinMessageSender.cs:line 79
   at EG.WeChat.Service.WeiXin.WeixinMessageSender.ExecuteTryCatch(Action action) in d:\EM_Project\WeChat\CommonLibrary\EG.WeChat.Utility\WeiXin\Packaging\WeixinMessageSender.cs:line 307
2015-01-23 18:29:38.512[131]ERROR WeixinMessageSender- WeixinMessageSenderError
Senparc.Weixin.Exceptions.ErrorJsonResultException: 微信Post请求发生错误！错误代码：45015，说明：response out of time limit
   at Senparc.Weixin.HttpUtility.Post.GetResult[T](String returnText)
   at Senparc.Weixin.HttpUtility.Post.PostGetJson[T](String url, CookieContainer cookieContainer, Stream fileStream, Encoding encoding)
   at Senparc.Weixin.MP.CommonAPIs.CommonJsonSend.Send[T](String accessToken, String urlFormat, Object data, CommonJsonSendType sendType)
   at Senparc.Weixin.MP.CommonAPIs.CommonJsonSend.Send(String accessToken, String urlFormat, Object data, CommonJsonSendType sendType)
   at Senparc.Weixin.MP.AdvancedAPIs.Custom.SendNews(String accessToken, String openId, List`1 articles)
   at EG.WeChat.Service.WeiXin.WeixinMessageSender.<>c__DisplayClass4.<SendArticle>b__3() in d:\EM_Project\WeChat\CommonLibrary\EG.WeChat.Utility\WeiXin\Packaging\WeixinMessageSender.cs:line 79
   at EG.WeChat.Service.WeiXin.WeixinMessageSender.ExecuteTryCatch(Action action) in d:\EM_Project\WeChat\CommonLibrary\EG.WeChat.Utility\WeiXin\Packaging\WeixinMessageSender.cs:line 307
2015-01-23 18:29:54.770[108]ERROR WeixinMessageSender- WeixinMessageSenderError
Senparc.Weixin.Exceptions.ErrorJsonResultException: 微信Post请求发生错误！错误代码：45015，说明：response out of time limit
   at Senparc.Weixin.HttpUtility.Post.GetResult[T](String returnText)
   at Senparc.Weixin.HttpUtility.Post.PostGetJson[T](String url, CookieContainer cookieContainer, Stream fileStream, Encoding encoding)
   at Senparc.Weixin.MP.CommonAPIs.CommonJsonSend.Send[T](String accessToken, String urlFormat, Object data, CommonJsonSendType sendType)
   at Senparc.Weixin.MP.CommonAPIs.CommonJsonSend.Send(String accessToken, String urlFormat, Object data, CommonJsonSendType sendType)
   at Senparc.Weixin.MP.AdvancedAPIs.Custom.SendNews(String accessToken, String openId, List`1 articles)
   at EG.WeChat.Service.WeiXin.WeixinMessageSender.<>c__DisplayClass4.<SendArticle>b__3() in d:\EM_Project\WeChat\CommonLibrary\EG.WeChat.Utility\WeiXin\Packaging\WeixinMessageSender.cs:line 79
   at EG.WeChat.Service.WeiXin.WeixinMessageSender.ExecuteTryCatch(Action action) in d:\EM_Project\WeChat\CommonLibrary\EG.WeChat.Utility\WeiXin\Packaging\WeixinMessageSender.cs:line 307
2015-01-23 18:30:14.188[104]ERROR WeixinMessageSender- WeixinMessageSenderError
Senparc.Weixin.Exceptions.ErrorJsonResultException: 微信Post请求发生错误！错误代码：45015，说明：response out of time limit
   at Senparc.Weixin.HttpUtility.Post.GetResult[T](String returnText)
   at Senparc.Weixin.HttpUtility.Post.PostGetJson[T](String url, CookieContainer cookieContainer, Stream fileStream, Encoding encoding)
   at Senparc.Weixin.MP.CommonAPIs.CommonJsonSend.Send[T](String accessToken, String urlFormat, Object data, CommonJsonSendType sendType)
   at Senparc.Weixin.MP.CommonAPIs.CommonJsonSend.Send(String accessToken, String urlFormat, Object data, CommonJsonSendType sendType)
   at Senparc.Weixin.MP.AdvancedAPIs.Custom.SendNews(String accessToken, String openId, List`1 articles)
   at EG.WeChat.Service.WeiXin.WeixinMessageSender.<>c__DisplayClass4.<SendArticle>b__3() in d:\EM_Project\WeChat\CommonLibrary\EG.WeChat.Utility\WeiXin\Packaging\WeixinMessageSender.cs:line 79
   at EG.WeChat.Service.WeiXin.WeixinMessageSender.ExecuteTryCatch(Action action) in d:\EM_Project\WeChat\CommonLibrary\EG.WeChat.Utility\WeiXin\Packaging\WeixinMessageSender.cs:line 307
2015-01-23 18:32:13.970[104]ERROR WeixinMessageSender- WeixinMessageSenderError
Senparc.Weixin.Exceptions.ErrorJsonResultException: 微信Post请求发生错误！错误代码：45015，说明：response out of time limit
   at Senparc.Weixin.HttpUtility.Post.GetResult[T](String returnText)
   at Senparc.Weixin.HttpUtility.Post.PostGetJson[T](String url, CookieContainer cookieContainer, Stream fileStream, Encoding encoding)
   at Senparc.Weixin.MP.CommonAPIs.CommonJsonSend.Send[T](String accessToken, String urlFormat, Object data, CommonJsonSendType sendType)
   at Senparc.Weixin.MP.CommonAPIs.CommonJsonSend.Send(String accessToken, String urlFormat, Object data, CommonJsonSendType sendType)
   at Senparc.Weixin.MP.AdvancedAPIs.Custom.SendText(String accessToken, String openId, String content)
   at EG.WeChat.Service.WeiXin.WeixinMessageSender.<>c__DisplayClass1.<SendText>b__0() in d:\EM_Project\WeChat\CommonLibrary\EG.WeChat.Utility\WeiXin\Packaging\WeixinMessageSender.cs:line 50
   at EG.WeChat.Service.WeiXin.WeixinMessageSender.ExecuteTryCatch(Action action) in d:\EM_Project\WeChat\CommonLibrary\EG.WeChat.Utility\WeiXin\Packaging\WeixinMessageSender.cs:line 307
2015-01-23 18:33:42.706[82]ERROR WeixinMessageSender- WeixinMessageSenderError
Senparc.Weixin.Exceptions.ErrorJsonResultException: 微信Post请求发生错误！错误代码：45015，说明：response out of time limit
   at Senparc.Weixin.HttpUtility.Post.GetResult[T](String returnText)
   at Senparc.Weixin.HttpUtility.Post.PostGetJson[T](String url, CookieContainer cookieContainer, Stream fileStream, Encoding encoding)
   at Senparc.Weixin.MP.CommonAPIs.CommonJsonSend.Send[T](String accessToken, String urlFormat, Object data, CommonJsonSendType sendType)
   at Senparc.Weixin.MP.CommonAPIs.CommonJsonSend.Send(String accessToken, String urlFormat, Object data, CommonJsonSendType sendType)
   at Senparc.Weixin.MP.AdvancedAPIs.Custom.SendNews(String accessToken, String openId, List`1 articles)
   at EG.WeChat.Service.WeiXin.WeixinMessageSender.<>c__DisplayClass4.<SendArticle>b__3() in d:\EM_Project\WeChat\CommonLibrary\EG.WeChat.Utility\WeiXin\Packaging\WeixinMessageSender.cs:line 79
   at EG.WeChat.Service.WeiXin.WeixinMessageSender.ExecuteTryCatch(Action action) in d:\EM_Project\WeChat\CommonLibrary\EG.WeChat.Utility\WeiXin\Packaging\WeixinMessageSender.cs:line 307
2015-01-23 18:35:22.796[21]ERROR WeixinMessageSender- WeixinMessageSenderError
Senparc.Weixin.Exceptions.ErrorJsonResultException: 微信Post请求发生错误！错误代码：45015，说明：response out of time limit
   at Senparc.Weixin.HttpUtility.Post.GetResult[T](String returnText)
   at Senparc.Weixin.HttpUtility.Post.PostGetJson[T](String url, CookieContainer cookieContainer, Stream fileStream, Encoding encoding)
   at Senparc.Weixin.MP.CommonAPIs.CommonJsonSend.Send[T](String accessToken, String urlFormat, Object data, CommonJsonSendType sendType)
   at Senparc.Weixin.MP.CommonAPIs.CommonJsonSend.Send(String accessToken, String urlFormat, Object data, CommonJsonSendType sendType)
   at Senparc.Weixin.MP.AdvancedAPIs.Custom.SendNews(String accessToken, String openId, List`1 articles)
   at EG.WeChat.Service.WeiXin.WeixinMessageSender.<>c__DisplayClass4.<SendArticle>b__3() in d:\EM_Project\WeChat\CommonLibrary\EG.WeChat.Utility\WeiXin\Packaging\WeixinMessageSender.cs:line 79
   at EG.WeChat.Service.WeiXin.WeixinMessageSender.ExecuteTryCatch(Action action) in d:\EM_Project\WeChat\CommonLibrary\EG.WeChat.Utility\WeiXin\Packaging\WeixinMessageSender.cs:line 307
